{"action": "add_function", "parameters": {"name": "is_password_valid", "code": "def is_password_valid(password):\n    return len(password) >= 8", "description": "This function checks if the given password has at least 8 characters."}, "comment": "Функція 'is_password_valid' перевіряє, чи пароль має щонайменше 8 символів. Вона повертає True, якщо пароль відповідає цій умові, інакше — False."}
{"status": "error", "message": "❌ Не вказано файл, назву або код функції."}
---
{"action": "ask_gpt", "parameters": {"prompt": "❌ Помилка в останній дії: ❌ Не вказано файл, назву або код функції.. Як виправити цю помилку або яку дію потрібно виконати, щоб її уникнути?"}, "comment": "Автоматичний SmartLoop — GPT допомагає виправити останню помилку"}
{"status": "ok", "message": "{\n  \"action\": \"analyze_json\",\n  \"parameters\": {\n    \"json_string\": \"{\\\"error\\\": \\\"Не вказано файл, назву або код функції.\\\"}\"\n  },\n  \"comment\": \"Проаналізуємо JSON, щоб зрозуміти, які параметри були відсутні, та визначимо, які з них потрібно додати для уникнення помилки.\"\n}"}
---
{"action": "add_function", "parameters": {"name": "is_password_valid", "code": "def is_password_valid(password):\n    return len(password) >= 8", "description": "Ця функція перевіряє, чи пароль має щонайменше 8 символів.", "file": "utils/security.py"}, "comment": "Додаємо функцію перевірки пароля у файл utils/security.py"}
{"status": "error", "message": "❌ Не вказано файл, назву або код функції."}
---
{"action": "ask_gpt", "parameters": {"prompt": "❌ Помилка в останній дії: ❌ Не вказано файл, назву або код функції.. Як виправити цю помилку або яку дію потрібно виконати, щоб її уникнути?"}, "comment": "Автоматичний SmartLoop — GPT допомагає виправити останню помилку"}
{"status": "ok", "message": "{\n  \"action\": \"analyze_json\",\n  \"parameters\": {\n    \"json_data\": {\n      \"error\": \"Помилка в останній дії: Не вказано файл, назву або код функції.\"\n    }\n  },\n  \"comment\": \"Аналізуючи JSON-повідомлення про помилку, ми можемо визначити, що відсутні необхідні параметри для виконання дії. Щоб уникнути цієї помилки в майбутньому, переконайтеся, що ви завжди вказуєте всі необхідні параметри, такі як назва файлу, код функції або інші специфічні дані, які можуть знадобитися для виконання дії. Я проаналізую помилку і запропоную рішення.\"\n}"}
---
{"action": "update_code", "file": "gpt_agent_cache.py", "pattern": ".*", "replacement": "import json\n\n# ⬇️ Додано функцію для розгортання parameters\n\ndef unwrap_parameters_if_present(command):\n    if \"parameters\" in command and isinstance(command[\"parameters\"], dict):\n        command.update(command[\"parameters\"])\n        del command[\"parameters\"]\n    return command\n\n# 🧠 Основна функція обробки команд\n\ndef handle_command(command):\n    command = unwrap_parameters_if_present(command)  # ⬅️ Додано цю строку\n    action = command.get(\"action\")\n\n    if action == \"add_function\":\n        from handlers.add_function import handle_add_function\n        return handle_add_function(command)\n    # ... (залиш інші дії без змін)\n\n    return {\"status\": \"error\", \"message\": f\"Невідома дія: {action}\"}", "parameters": {}}
{"status": "error", "message": "❌ No updates provided"}
---
{"action": "ask_gpt", "parameters": {"prompt": "❌ Помилка в останній дії: ❌ No updates provided. Як виправити цю помилку або яку дію потрібно виконати, щоб її уникнути?"}, "comment": "Автоматичний SmartLoop — GPT допомагає виправити останню помилку"}
{"status": "ok", "message": "{\n  \"action\": \"update_code\",\n  \"parameters\": {\n    \"file_path\": \"path/to/your/file.py\",\n    \"updates\": [\n      {\n        \"line_number\": 10,\n        \"new_code\": \"updated_code_here\"\n      }\n    ]\n  },\n  \"comment\": \"Щоб уникнути помилки 'No updates provided', переконайтеся, що ви вказали хоча б одне оновлення у параметрі 'updates'. Додайте конкретні зміни, які потрібно внести у файл, наприклад, змініть код на певному рядку.\"\n}"}
---
{"action": "update_code", "file": "gpt_agent_cache.py", "updates": [{"line_number": 1, "new_code": "def unwrap_parameters_if_present(command):\n    if \"parameters\" in command and isinstance(command[\"parameters\"], dict):\n        command.update(command[\"parameters\"])\n        del command[\"parameters\"]\n    return command\n"}, {"line_number": 10, "new_code": "    command = unwrap_parameters_if_present(command)  # ⬅️ Авто-розгортання parameters"}], "comment": "Додаємо unwrap_parameters_if_present для обробки вкладених параметрів у GPT-командах", "parameters": {}}
{"status": "success", "message": "✅ Updated gpt_agent_cache.py", "details": {"status": "error", "message": "❌ Невірний або порожній pattern"}}
---
{"action": "update_code", "file": "gpt_agent_cache.py", "updates": [{"line_number": 1, "new_code": "def unwrap_parameters_if_present(command):\n    if \"parameters\" in command and isinstance(command[\"parameters\"], dict):\n        command.update(command[\"parameters\"])\n        del command[\"parameters\"]\n    return command\n"}, {"line_number": 10, "new_code": "    command = unwrap_parameters_if_present(command)  # ⬅️ Авто-розгортання parameters"}], "comment": "Додаємо unwrap_parameters_if_present для обробки вкладених параметрів у GPT-командах", "parameters": {}}
{"status": "success", "message": "✅ Updated gpt_agent_cache.py", "details": {"status": "error", "message": "❌ Невірний або порожній pattern"}}
---
